<?xml version="1.0" encoding="UTF-8"?>
<!-- Generated by org.testng.reporters.JUnitXMLReporter -->
<testsuite hostname="DESKTOP-TMMSC60" ignored="0" name="Test" tests="3" failures="0" timestamp="17 Jun 2018 05:27:00 GMT" time="35.944" errors="0">
  <testcase name="loginAndLogout" time="4.799" classname="testcases.TC001_LoginAndLogout"/>
  <testcase name="loginAndLogout" time="3.456" classname="testcases.TC001_LoginAndLogout"/>
  <testcase name="setData" time="0.0" classname="testcases.TC001_LoginAndLogout"/>
</testsuite> <!-- Test -->
