<?xml version="1.0" encoding="UTF-8"?>
<testng-results skipped="0" failed="0" ignored="0" total="3" passed="3">
  <reporter-output>
  </reporter-output>
  <suite name="Suite" duration-ms="35944" started-at="2018-06-17T05:26:24Z" finished-at="2018-06-17T05:27:00Z">
    <groups>
    </groups>
    <test name="Test" duration-ms="35944" started-at="2018-06-17T05:26:24Z" finished-at="2018-06-17T05:27:00Z">
      <class name="testcases.TC001_LoginAndLogout">
        <test-method status="PASS" signature="beforeSuite()[pri:0, instance:testcases.TC001_LoginAndLogout@457e2f02]" name="beforeSuite" is-config="true" duration-ms="437" started-at="2018-06-17T05:26:24Z" finished-at="2018-06-17T05:26:24Z">
          <reporter-output>
          </reporter-output>
        </test-method> <!-- beforeSuite -->
        <test-method status="PASS" signature="setData()[pri:0, instance:testcases.TC001_LoginAndLogout@457e2f02]" name="setData" is-config="true" duration-ms="0" started-at="2018-06-17T05:26:24Z" finished-at="2018-06-17T05:26:24Z">
          <reporter-output>
          </reporter-output>
        </test-method> <!-- setData -->
        <test-method status="PASS" signature="beforeClass()[pri:0, instance:testcases.TC001_LoginAndLogout@457e2f02]" name="beforeClass" is-config="true" duration-ms="0" started-at="2018-06-17T05:26:24Z" finished-at="2018-06-17T05:26:24Z">
          <reporter-output>
          </reporter-output>
        </test-method> <!-- beforeClass -->
        <test-method status="PASS" signature="beforeMethod()[pri:0, instance:testcases.TC001_LoginAndLogout@457e2f02]" name="beforeMethod" is-config="true" duration-ms="10169" started-at="2018-06-17T05:26:25Z" finished-at="2018-06-17T05:26:35Z">
          <reporter-output>
          </reporter-output>
        </test-method> <!-- beforeMethod -->
        <test-method status="PASS" signature="loginAndLogout(java.lang.String, java.lang.String, java.lang.String)[pri:0, instance:testcases.TC001_LoginAndLogout@457e2f02]" name="loginAndLogout" duration-ms="4799" started-at="2018-06-17T05:26:35Z" data-provider="fetchData" finished-at="2018-06-17T05:26:40Z">
          <params>
            <param index="0">
              <value>
                <![CDATA[DemoSalesManager]]>
              </value>
            </param>
            <param index="1">
              <value>
                <![CDATA[crmsfa]]>
              </value>
            </param>
            <param index="2">
              <value>
                <![CDATA[Demo Sales Manager]]>
              </value>
            </param>
          </params>
          <reporter-output>
          </reporter-output>
        </test-method> <!-- loginAndLogout -->
        <test-method status="PASS" signature="afterMethod()[pri:0, instance:testcases.TC001_LoginAndLogout@457e2f02]" name="afterMethod" is-config="true" duration-ms="1044" started-at="2018-06-17T05:26:40Z" finished-at="2018-06-17T05:26:41Z">
          <reporter-output>
          </reporter-output>
        </test-method> <!-- afterMethod -->
        <test-method status="PASS" signature="beforeMethod()[pri:0, instance:testcases.TC001_LoginAndLogout@457e2f02]" name="beforeMethod" is-config="true" duration-ms="7324" started-at="2018-06-17T05:26:41Z" finished-at="2018-06-17T05:26:48Z">
          <reporter-output>
          </reporter-output>
        </test-method> <!-- beforeMethod -->
        <test-method status="PASS" signature="loginAndLogout(java.lang.String, java.lang.String, java.lang.String)[pri:0, instance:testcases.TC001_LoginAndLogout@457e2f02]" name="loginAndLogout" duration-ms="3456" started-at="2018-06-17T05:26:48Z" data-provider="fetchData" finished-at="2018-06-17T05:26:52Z">
          <params>
            <param index="0">
              <value>
                <![CDATA[DemoCSR]]>
              </value>
            </param>
            <param index="1">
              <value>
                <![CDATA[crmsfa]]>
              </value>
            </param>
            <param index="2">
              <value>
                <![CDATA[Demo B2B CSR]]>
              </value>
            </param>
          </params>
          <reporter-output>
          </reporter-output>
        </test-method> <!-- loginAndLogout -->
        <test-method status="PASS" signature="afterMethod()[pri:0, instance:testcases.TC001_LoginAndLogout@457e2f02]" name="afterMethod" is-config="true" duration-ms="786" started-at="2018-06-17T05:26:52Z" finished-at="2018-06-17T05:26:52Z">
          <reporter-output>
          </reporter-output>
        </test-method> <!-- afterMethod -->
        <test-method status="PASS" signature="beforeMethod()[pri:0, instance:testcases.TC001_LoginAndLogout@457e2f02]" name="beforeMethod" is-config="true" duration-ms="6976" started-at="2018-06-17T05:26:52Z" finished-at="2018-06-17T05:26:59Z">
          <reporter-output>
          </reporter-output>
        </test-method> <!-- beforeMethod -->
        <test-method status="PASS" signature="setData()[pri:0, instance:testcases.TC001_LoginAndLogout@457e2f02]" name="setData" duration-ms="0" started-at="2018-06-17T05:26:59Z" finished-at="2018-06-17T05:26:59Z">
          <reporter-output>
          </reporter-output>
        </test-method> <!-- setData -->
        <test-method status="PASS" signature="afterMethod()[pri:0, instance:testcases.TC001_LoginAndLogout@457e2f02]" name="afterMethod" is-config="true" duration-ms="794" started-at="2018-06-17T05:26:59Z" finished-at="2018-06-17T05:27:00Z">
          <reporter-output>
          </reporter-output>
        </test-method> <!-- afterMethod -->
        <test-method status="PASS" signature="afterTest()[pri:0, instance:testcases.TC001_LoginAndLogout@457e2f02]" name="afterTest" is-config="true" duration-ms="0" started-at="2018-06-17T05:27:00Z" finished-at="2018-06-17T05:27:00Z">
          <reporter-output>
          </reporter-output>
        </test-method> <!-- afterTest -->
        <test-method status="PASS" signature="afterSuite()[pri:0, instance:testcases.TC001_LoginAndLogout@457e2f02]" name="afterSuite" is-config="true" duration-ms="335" started-at="2018-06-17T05:27:00Z" finished-at="2018-06-17T05:27:01Z">
          <reporter-output>
          </reporter-output>
        </test-method> <!-- afterSuite -->
      </class> <!-- testcases.TC001_LoginAndLogout -->
    </test> <!-- Test -->
  </suite> <!-- Suite -->
</testng-results>
